<?xml version="1.0" encoding="UTF-8"?>
<!-- Generated by org.testng.reporters.JUnitReportReporter -->
<testsuite skipped="0" hostname="E0465424" name="tests.CreateAccountTest" tests="1" failures="0" timestamp="17 Aug 2019 22:01:25 GMT" time="6.900" errors="0">
  <testcase name="createNewUserSuccessfully" time="6.900" classname="tests.CreateAccountTest"/>
</testsuite> <!-- tests.CreateAccountTest -->
