<?xml version="1.0" encoding="UTF-8"?>
<!-- Generated by org.testng.reporters.JUnitReportReporter -->
<testsuite skipped="0" hostname="E0465424" name="tests.ConfrimOrderTest" tests="6" failures="0" timestamp="16 Aug 2019 21:25:52 GMT" time="68.103" errors="0">
  <testcase name="selectItemFromMenuWithHover" time="3.619" classname="tests.ConfrimOrderTest"/>
  <testcase name="authenticateNewUser" time="26.121" classname="tests.ConfrimOrderTest"/>
  <testcase name="createNewUserSuccessfully" time="12.467" classname="tests.ConfrimOrderTest"/>
  <testcase name="selectResultedProduct" time="3.176" classname="tests.ConfrimOrderTest"/>
  <testcase name="proceedProductOrder" time="15.064" classname="tests.ConfrimOrderTest"/>
  <testcase name="confirmOrder" time="7.656" classname="tests.ConfrimOrderTest"/>
</testsuite> <!-- tests.ConfrimOrderTest -->
