<?xml version="1.0" encoding="UTF-8"?>
<!-- Generated by org.testng.reporters.JUnitReportReporter -->
<testsuite skipped="0" hostname="E0465424" name="tests.ProceedOrderTest" tests="5" failures="0" timestamp="15 Aug 2019 23:13:04 GMT" time="48.584" errors="0">
  <testcase name="authenticateNewUser" time="21.942" classname="tests.ProceedOrderTest"/>
  <testcase name="selectItemFromMenuWithHover" time="6.922" classname="tests.ProceedOrderTest"/>
  <testcase name="createNewUserSuccessfully" time="7.489" classname="tests.ProceedOrderTest"/>
  <testcase name="selectResultedProduct" time="2.495" classname="tests.ProceedOrderTest"/>
  <testcase name="proceedProductOrder" time="9.736" classname="tests.ProceedOrderTest"/>
</testsuite> <!-- tests.ProceedOrderTest -->
